<?xml version="1.0" encoding="UTF-8"?>
<testng-results skipped="0" failed="0" ignored="0" total="1" passed="1">
  <reporter-output>
  </reporter-output>
  <suite name="Default suite" duration-ms="44" started-at="2019-12-29T15:33:47 GMT+08:00" finished-at="2019-12-29T15:33:47 GMT+08:00">
    <groups>
    </groups>
    <test name="Default test" duration-ms="44" started-at="2019-12-29T15:33:47 GMT+08:00" finished-at="2019-12-29T15:33:47 GMT+08:00">
      <class name="test1.testStudent">
        <test-method status="PASS" signature="testCreate()[pri:0, instance:test1.testStudent@4b9e255]" name="testCreate" duration-ms="10" started-at="2019-12-29T15:33:47 GMT+08:00" finished-at="2019-12-29T15:33:47 GMT+08:00">
          <reporter-output>
          </reporter-output>
        </test-method> <!-- testCreate -->
      </class> <!-- test1.testStudent -->
    </test> <!-- Default test -->
  </suite> <!-- Default suite -->
</testng-results>
